# JRE version: OpenJDK Runtime Environment (21.0.5) (build 21.0.5+-13047016-b750.29)
# Java VM: OpenJDK 64-Bit Server VM (21.0.5+-13047016-b750.29, mixed mode, tiered, compressed oops, compressed class ptrs, g1 gc, windows-amd64)
GC Precious Log:
 CardTable entry size: 512
 Card Set container configuration: InlinePtr #cards 5 size 8 Array Of Cards #cards 12 size 40 Howl #buckets 4 coarsen threshold 1843 Howl Bitmap #cards 512 size 80 coarsen threshold 460 Card regions per heap region 1 cards per card region 2048
 CPUs: 8 total, 8 available
 Memory: 16221M
 Large Page Support: Disabled
 NUMA Support: Disabled
 Compressed Oops: Enabled (32-bit)
 Heap Region Size: 1M
 Heap Min Capacity: 8M
 Heap Initial Capacity: 254M
 Heap Max Capacity: 2G
 Pre-touch: Disabled
 Parallel Workers: 8
 Concurrent Workers: 2
 Concurrent Refinement Workers: 8
 Periodic GC: Disabled
Heap:
 garbage-first heap   total 88064K, used 43944K [0x0000000080000000, 0x0000000100000000)
  region size 1024K, 21 young (21504K), 3 survivors (3072K)
 Metaspace       used 37309K, committed 38336K, reserved 1114112K
  class space    used 5072K, committed 5568K, reserved 1048576K
GC Heap History (14 events):
Event: 0.656 GC heap before
{Heap before GC invocations=0 (full 0):
 garbage-first heap   total 260096K, used 22528K [0x0000000080000000, 0x0000000100000000)
  region size 1024K, 23 young (23552K), 0 survivors (0K)
 Metaspace       used 7974K, committed 8128K, reserved 1114112K
  class space    used 709K, committed 768K, reserved 1048576K
}
Event: 0.659 GC heap after
{Heap after GC invocations=1 (full 0):
 garbage-first heap   total 260096K, used 3537K [0x0000000080000000, 0x0000000100000000)
  region size 1024K, 3 young (3072K), 3 survivors (3072K)
 Metaspace       used 7974K, committed 8128K, reserved 1114112K
  class space    used 709K, committed 768K, reserved 1048576K
}
Event: 1.361 GC heap before
{Heap before GC invocations=1 (full 0):
 garbage-first heap   total 260096K, used 40401K [0x0000000080000000, 0x0000000100000000)
  region size 1024K, 37 young (37888K), 3 survivors (3072K)
 Metaspace       used 12140K, committed 12352K, reserved 1114112K
  class space    used 1276K, committed 1408K, reserved 1048576K
}
Event: 1.365 GC heap after
{Heap after GC invocations=2 (full 0):
 garbage-first heap   total 260096K, used 11708K [0x0000000080000000, 0x0000000100000000)
  region size 1024K, 5 young (5120K), 5 survivors (5120K)
 Metaspace       used 12140K, committed 12352K, reserved 1114112K
  class space    used 1276K, committed 1408K, reserved 1048576K
}
Event: 2.068 GC heap before
{Heap before GC invocations=2 (full 0):
 garbage-first heap   total 260096K, used 60860K [0x0000000080000000, 0x0000000100000000)
  region size 1024K, 51 young (52224K), 5 survivors (5120K)
 Metaspace       used 13397K, committed 13632K, reserved 1114112K
  class space    used 1473K, committed 1600K, reserved 1048576K
}
Event: 2.073 GC heap after
{Heap after GC invocations=3 (full 0):
 garbage-first heap   total 260096K, used 17421K [0x0000000080000000, 0x0000000100000000)
  region size 1024K, 5 young (5120K), 5 survivors (5120K)
 Metaspace       used 13397K, committed 13632K, reserved 1114112K
  class space    used 1473K, committed 1600K, reserved 1048576K
}
Event: 2.803 GC heap before
{Heap before GC invocations=3 (full 0):
 garbage-first heap   total 260096K, used 44045K [0x0000000080000000, 0x0000000100000000)
  region size 1024K, 32 young (32768K), 5 survivors (5120K)
 Metaspace       used 21192K, committed 21504K, reserved 1114112K
  class space    used 2440K, committed 2624K, reserved 1048576K
}
Event: 2.808 GC heap after
{Heap after GC invocations=4 (full 0):
 garbage-first heap   total 260096K, used 20800K [0x0000000080000000, 0x0000000100000000)
  region size 1024K, 9 young (9216K), 9 survivors (9216K)
 Metaspace       used 21192K, committed 21504K, reserved 1114112K
  class space    used 2440K, committed 2624K, reserved 1048576K
}
Event: 3.895 GC heap before
{Heap before GC invocations=5 (full 0):
 garbage-first heap   total 75776K, used 73024K [0x0000000080000000, 0x0000000100000000)
  region size 1024K, 61 young (62464K), 9 survivors (9216K)
 Metaspace       used 29616K, committed 30272K, reserved 1114112K
  class space    used 3802K, committed 4096K, reserved 1048576K
}
Event: 3.904 GC heap after
{Heap after GC invocations=6 (full 0):
 garbage-first heap   total 88064K, used 24264K [0x0000000080000000, 0x0000000100000000)
  region size 1024K, 12 young (12288K), 12 survivors (12288K)
 Metaspace       used 29616K, committed 30272K, reserved 1114112K
  class space    used 3802K, committed 4096K, reserved 1048576K
}
Event: 4.632 GC heap before
{Heap before GC invocations=6 (full 0):
 garbage-first heap   total 88064K, used 63176K [0x0000000080000000, 0x0000000100000000)
  region size 1024K, 51 young (52224K), 12 survivors (12288K)
 Metaspace       used 34916K, committed 35840K, reserved 1114112K
  class space    used 4659K, committed 5120K, reserved 1048576K
}
Event: 4.639 GC heap after
{Heap after GC invocations=7 (full 0):
 garbage-first heap   total 88064K, used 26500K [0x0000000080000000, 0x0000000100000000)
  region size 1024K, 7 young (7168K), 7 survivors (7168K)
 Metaspace       used 34916K, committed 35840K, reserved 1114112K
  class space    used 4659K, committed 5120K, reserved 1048576K
}
Event: 4.688 GC heap before
{Heap before GC invocations=7 (full 0):
 garbage-first heap   total 88064K, used 28548K [0x0000000080000000, 0x0000000100000000)
  region size 1024K, 10 young (10240K), 7 survivors (7168K)
 Metaspace       used 35199K, committed 36096K, reserved 1114112K
  class space    used 4712K, committed 5120K, reserved 1048576K
}
Event: 4.693 GC heap after
{Heap after GC invocations=8 (full 0):
 garbage-first heap   total 88064K, used 26536K [0x0000000080000000, 0x0000000100000000)
  region size 1024K, 3 young (3072K), 3 survivors (3072K)
 Metaspace       used 35199K, committed 36096K, reserved 1114112K
  class space    used 4712K, committed 5120K, reserved 1048576K
}

