# JRE version: OpenJDK Runtime Environment (21.0.5) (build 21.0.5+-13047016-b750.29)
# Java VM: OpenJDK 64-Bit Server VM (21.0.5+-13047016-b750.29, mixed mode, tiered, compressed oops, compressed class ptrs, g1 gc, windows-amd64)
GC Precious Log:
 CardTable entry size: 512
 Card Set container configuration: InlinePtr #cards 5 size 8 Array Of Cards #cards 12 size 40 Howl #buckets 4 coarsen threshold 1843 Howl Bitmap #cards 512 size 80 coarsen threshold 460 Card regions per heap region 1 cards per card region 2048
 CPUs: 8 total, 8 available
 Memory: 16221M
 Large Page Support: Disabled
 NUMA Support: Disabled
 Compressed Oops: Enabled (32-bit)
 Heap Region Size: 1M
 Heap Min Capacity: 8M
 Heap Initial Capacity: 254M
 Heap Max Capacity: 2G
 Pre-touch: Disabled
 Parallel Workers: 8
 Concurrent Workers: 2
 Concurrent Refinement Workers: 8
 Periodic GC: Disabled
Heap:
 garbage-first heap   total 183296K, used 130198K [0x0000000080000000, 0x0000000100000000)
  region size 1024K, 18 young (18432K), 6 survivors (6144K)
 Metaspace       used 115361K, committed 117568K, reserved 1179648K
  class space    used 15520K, committed 16640K, reserved 1048576K
GC Heap History (20 events):
Event: 14.422 GC heap before
{Heap before GC invocations=27 (full 0):
 garbage-first heap   total 137216K, used 125720K [0x0000000080000000, 0x0000000100000000)
  region size 1024K, 47 young (48128K), 7 survivors (7168K)
 Metaspace       used 85715K, committed 87616K, reserved 1179648K
  class space    used 11423K, committed 12352K, reserved 1048576K
}
Event: 14.430 GC heap after
{Heap after GC invocations=28 (full 0):
 garbage-first heap   total 139264K, used 87828K [0x0000000080000000, 0x0000000100000000)
  region size 1024K, 4 young (4096K), 4 survivors (4096K)
 Metaspace       used 85715K, committed 87616K, reserved 1179648K
  class space    used 11423K, committed 12352K, reserved 1048576K
}
Event: 14.995 GC heap before
{Heap before GC invocations=28 (full 0):
 garbage-first heap   total 139264K, used 125716K [0x0000000080000000, 0x0000000100000000)
  region size 1024K, 41 young (41984K), 4 survivors (4096K)
 Metaspace       used 88983K, committed 90944K, reserved 1179648K
  class space    used 11852K, committed 12864K, reserved 1048576K
}
Event: 15.000 GC heap after
{Heap after GC invocations=29 (full 0):
 garbage-first heap   total 139264K, used 89717K [0x0000000080000000, 0x0000000100000000)
  region size 1024K, 6 young (6144K), 6 survivors (6144K)
 Metaspace       used 88983K, committed 90944K, reserved 1179648K
  class space    used 11852K, committed 12864K, reserved 1048576K
}
Event: 15.460 GC heap before
{Heap before GC invocations=30 (full 0):
 garbage-first heap   total 152576K, used 123509K [0x0000000080000000, 0x0000000100000000)
  region size 1024K, 39 young (39936K), 6 survivors (6144K)
 Metaspace       used 90540K, committed 92416K, reserved 1179648K
  class space    used 12021K, committed 12992K, reserved 1048576K
}
Event: 15.469 GC heap after
{Heap after GC invocations=31 (full 0):
 garbage-first heap   total 152576K, used 93837K [0x0000000080000000, 0x0000000100000000)
  region size 1024K, 5 young (5120K), 5 survivors (5120K)
 Metaspace       used 90540K, committed 92416K, reserved 1179648K
  class space    used 12021K, committed 12992K, reserved 1048576K
}
Event: 16.105 GC heap before
{Heap before GC invocations=31 (full 0):
 garbage-first heap   total 152576K, used 138893K [0x0000000080000000, 0x0000000100000000)
  region size 1024K, 49 young (50176K), 5 survivors (5120K)
 Metaspace       used 93232K, committed 95232K, reserved 1179648K
  class space    used 12375K, committed 13376K, reserved 1048576K
}
Event: 16.112 GC heap after
{Heap after GC invocations=32 (full 0):
 garbage-first heap   total 183296K, used 95954K [0x0000000080000000, 0x0000000100000000)
  region size 1024K, 6 young (6144K), 6 survivors (6144K)
 Metaspace       used 93232K, committed 95232K, reserved 1179648K
  class space    used 12375K, committed 13376K, reserved 1048576K
}
Event: 17.126 GC heap before
{Heap before GC invocations=32 (full 0):
 garbage-first heap   total 183296K, used 160466K [0x0000000080000000, 0x0000000100000000)
  region size 1024K, 69 young (70656K), 6 survivors (6144K)
 Metaspace       used 98343K, committed 100288K, reserved 1179648K
  class space    used 13243K, committed 14272K, reserved 1048576K
}
Event: 17.132 GC heap after
{Heap after GC invocations=33 (full 0):
 garbage-first heap   total 183296K, used 98426K [0x0000000080000000, 0x0000000100000000)
  region size 1024K, 7 young (7168K), 7 survivors (7168K)
 Metaspace       used 98343K, committed 100288K, reserved 1179648K
  class space    used 13243K, committed 14272K, reserved 1048576K
}
Event: 18.187 GC heap before
{Heap before GC invocations=33 (full 0):
 garbage-first heap   total 183296K, used 164986K [0x0000000080000000, 0x0000000100000000)
  region size 1024K, 72 young (73728K), 7 survivors (7168K)
 Metaspace       used 103343K, committed 105472K, reserved 1179648K
  class space    used 13960K, committed 15040K, reserved 1048576K
}
Event: 18.195 GC heap after
{Heap after GC invocations=34 (full 0):
 garbage-first heap   total 183296K, used 102158K [0x0000000080000000, 0x0000000100000000)
  region size 1024K, 6 young (6144K), 6 survivors (6144K)
 Metaspace       used 103343K, committed 105472K, reserved 1179648K
  class space    used 13960K, committed 15040K, reserved 1048576K
}
Event: 19.203 GC heap before
{Heap before GC invocations=34 (full 0):
 garbage-first heap   total 183296K, used 166670K [0x0000000080000000, 0x0000000100000000)
  region size 1024K, 69 young (70656K), 6 survivors (6144K)
 Metaspace       used 109220K, committed 111360K, reserved 1179648K
  class space    used 14777K, committed 15872K, reserved 1048576K
}
Event: 19.211 GC heap after
{Heap after GC invocations=35 (full 0):
 garbage-first heap   total 183296K, used 105716K [0x0000000080000000, 0x0000000100000000)
  region size 1024K, 8 young (8192K), 8 survivors (8192K)
 Metaspace       used 109220K, committed 111360K, reserved 1179648K
  class space    used 14777K, committed 15872K, reserved 1048576K
}
Event: 20.026 GC heap before
{Heap before GC invocations=36 (full 0):
 garbage-first heap   total 183296K, used 168180K [0x0000000080000000, 0x0000000100000000)
  region size 1024K, 65 young (66560K), 8 survivors (8192K)
 Metaspace       used 113385K, committed 115520K, reserved 1179648K
  class space    used 15228K, committed 16320K, reserved 1048576K
}
Event: 20.036 GC heap after
{Heap after GC invocations=37 (full 0):
 garbage-first heap   total 183296K, used 111575K [0x0000000080000000, 0x0000000100000000)
  region size 1024K, 9 young (9216K), 9 survivors (9216K)
 Metaspace       used 113385K, committed 115520K, reserved 1179648K
  class space    used 15228K, committed 16320K, reserved 1048576K
}
Event: 20.496 GC heap before
{Heap before GC invocations=37 (full 0):
 garbage-first heap   total 183296K, used 162775K [0x0000000080000000, 0x0000000100000000)
  region size 1024K, 60 young (61440K), 9 survivors (9216K)
 Metaspace       used 114818K, committed 116992K, reserved 1179648K
  class space    used 15420K, committed 16512K, reserved 1048576K
}
Event: 20.510 GC heap after
{Heap after GC invocations=38 (full 0):
 garbage-first heap   total 183296K, used 115858K [0x0000000080000000, 0x0000000100000000)
  region size 1024K, 6 young (6144K), 6 survivors (6144K)
 Metaspace       used 114818K, committed 116992K, reserved 1179648K
  class space    used 15420K, committed 16512K, reserved 1048576K
}
Event: 20.938 GC heap before
{Heap before GC invocations=38 (full 0):
 garbage-first heap   total 183296K, used 165010K [0x0000000080000000, 0x0000000100000000)
  region size 1024K, 55 young (56320K), 6 survivors (6144K)
 Metaspace       used 115340K, committed 117568K, reserved 1179648K
  class space    used 15520K, committed 16640K, reserved 1048576K
}
Event: 20.947 GC heap after
{Heap after GC invocations=39 (full 0):
 garbage-first heap   total 183296K, used 118934K [0x0000000080000000, 0x0000000100000000)
  region size 1024K, 6 young (6144K), 6 survivors (6144K)
 Metaspace       used 115340K, committed 117568K, reserved 1179648K
  class space    used 15520K, committed 16640K, reserved 1048576K
}

