# JRE version: OpenJDK Runtime Environment (21.0.5) (build 21.0.5+-13047016-b750.29)
# Java VM: OpenJDK 64-Bit Server VM (21.0.5+-13047016-b750.29, mixed mode, tiered, compressed oops, compressed class ptrs, g1 gc, windows-amd64)
GC Precious Log:
 CardTable entry size: 512
 Card Set container configuration: InlinePtr #cards 5 size 8 Array Of Cards #cards 12 size 40 Howl #buckets 4 coarsen threshold 1843 Howl Bitmap #cards 512 size 80 coarsen threshold 460 Card regions per heap region 1 cards per card region 2048
 CPUs: 8 total, 8 available
 Memory: 16221M
 Large Page Support: Disabled
 NUMA Support: Disabled
 Compressed Oops: Enabled (32-bit)
 Heap Region Size: 1M
 Heap Min Capacity: 8M
 Heap Initial Capacity: 254M
 Heap Max Capacity: 2G
 Pre-touch: Disabled
 Parallel Workers: 8
 Concurrent Workers: 2
 Concurrent Refinement Workers: 8
 Periodic GC: Disabled
Heap:
 garbage-first heap   total 377856K, used 310226K [0x0000000080000000, 0x0000000100000000)
  region size 1024K, 76 young (77824K), 5 survivors (5120K)
 Metaspace       used 181093K, committed 183808K, reserved 1245184K
  class space    used 24284K, committed 25664K, reserved 1048576K
GC Heap History (20 events):
Event: 27.866 GC heap before
{Heap before GC invocations=53 (full 0):
 garbage-first heap   total 304128K, used 281072K [0x0000000080000000, 0x0000000100000000)
  region size 1024K, 101 young (103424K), 6 survivors (6144K)
 Metaspace       used 144083K, committed 146368K, reserved 1179648K
  class space    used 19471K, committed 20608K, reserved 1048576K
}
Event: 27.870 GC heap after
{Heap after GC invocations=54 (full 0):
 garbage-first heap   total 304128K, used 178823K [0x0000000080000000, 0x0000000100000000)
  region size 1024K, 4 young (4096K), 4 survivors (4096K)
 Metaspace       used 144083K, committed 146368K, reserved 1179648K
  class space    used 19471K, committed 20608K, reserved 1048576K
}
Event: 29.534 GC heap before
{Heap before GC invocations=55 (full 0):
 garbage-first heap   total 304128K, used 281223K [0x0000000080000000, 0x0000000100000000)
  region size 1024K, 105 young (107520K), 4 survivors (4096K)
 Metaspace       used 146647K, committed 149056K, reserved 1179648K
  class space    used 19745K, committed 20992K, reserved 1048576K
}
Event: 29.546 GC heap after
{Heap after GC invocations=56 (full 0):
 garbage-first heap   total 304128K, used 185504K [0x0000000080000000, 0x0000000100000000)
  region size 1024K, 10 young (10240K), 10 survivors (10240K)
 Metaspace       used 146647K, committed 149056K, reserved 1179648K
  class space    used 19745K, committed 20992K, reserved 1048576K
}
Event: 32.247 GC heap before
{Heap before GC invocations=56 (full 0):
 garbage-first heap   total 304128K, used 276640K [0x0000000080000000, 0x0000000100000000)
  region size 1024K, 99 young (101376K), 10 survivors (10240K)
 Metaspace       used 152298K, committed 154816K, reserved 1245184K
  class space    used 20375K, committed 21632K, reserved 1048576K
}
Event: 32.266 GC heap after
{Heap after GC invocations=57 (full 0):
 garbage-first heap   total 304128K, used 192712K [0x0000000080000000, 0x0000000100000000)
  region size 1024K, 10 young (10240K), 10 survivors (10240K)
 Metaspace       used 152298K, committed 154816K, reserved 1245184K
  class space    used 20375K, committed 21632K, reserved 1048576K
}
Event: 73.125 GC heap before
{Heap before GC invocations=57 (full 0):
 garbage-first heap   total 304128K, used 275656K [0x0000000080000000, 0x0000000100000000)
  region size 1024K, 92 young (94208K), 10 survivors (10240K)
 Metaspace       used 158991K, committed 161536K, reserved 1245184K
  class space    used 21031K, committed 22336K, reserved 1048576K
}
Event: 73.138 GC heap after
{Heap after GC invocations=58 (full 0):
 garbage-first heap   total 304128K, used 194996K [0x0000000080000000, 0x0000000100000000)
  region size 1024K, 4 young (4096K), 4 survivors (4096K)
 Metaspace       used 158991K, committed 161536K, reserved 1245184K
  class space    used 21031K, committed 22336K, reserved 1048576K
}
Event: 74.674 GC heap before
{Heap before GC invocations=59 (full 0):
 garbage-first heap   total 326656K, used 282036K [0x0000000080000000, 0x0000000100000000)
  region size 1024K, 89 young (91136K), 4 survivors (4096K)
 Metaspace       used 161120K, committed 163712K, reserved 1245184K
  class space    used 21295K, committed 22592K, reserved 1048576K
}
Event: 74.687 GC heap after
{Heap after GC invocations=60 (full 0):
 garbage-first heap   total 326656K, used 204194K [0x0000000080000000, 0x0000000100000000)
  region size 1024K, 12 young (12288K), 12 survivors (12288K)
 Metaspace       used 161120K, committed 163712K, reserved 1245184K
  class space    used 21295K, committed 22592K, reserved 1048576K
}
Event: 75.685 GC heap before
{Heap before GC invocations=60 (full 0):
 garbage-first heap   total 326656K, used 295330K [0x0000000080000000, 0x0000000100000000)
  region size 1024K, 102 young (104448K), 12 survivors (12288K)
 Metaspace       used 162585K, committed 165184K, reserved 1245184K
  class space    used 21528K, committed 22848K, reserved 1048576K
}
Event: 75.706 GC heap after
{Heap after GC invocations=61 (full 0):
 garbage-first heap   total 326656K, used 210849K [0x0000000080000000, 0x0000000100000000)
  region size 1024K, 9 young (9216K), 9 survivors (9216K)
 Metaspace       used 162585K, committed 165184K, reserved 1245184K
  class space    used 21528K, committed 22848K, reserved 1048576K
}
Event: 76.244 GC heap before
{Heap before GC invocations=61 (full 0):
 garbage-first heap   total 326656K, used 297889K [0x0000000080000000, 0x0000000100000000)
  region size 1024K, 95 young (97280K), 9 survivors (9216K)
 Metaspace       used 162803K, committed 165376K, reserved 1245184K
  class space    used 21552K, committed 22848K, reserved 1048576K
}
Event: 76.253 GC heap after
{Heap after GC invocations=62 (full 0):
 garbage-first heap   total 326656K, used 214288K [0x0000000080000000, 0x0000000100000000)
  region size 1024K, 6 young (6144K), 6 survivors (6144K)
 Metaspace       used 162803K, committed 165376K, reserved 1245184K
  class space    used 21552K, committed 22848K, reserved 1048576K
}
Event: 426.399 GC heap before
{Heap before GC invocations=63 (full 0):
 garbage-first heap   total 358400K, used 300304K [0x0000000080000000, 0x0000000100000000)
  region size 1024K, 91 young (93184K), 6 survivors (6144K)
 Metaspace       used 163553K, committed 166080K, reserved 1245184K
  class space    used 21639K, committed 22912K, reserved 1048576K
}
Event: 426.425 GC heap after
{Heap after GC invocations=64 (full 0):
 garbage-first heap   total 358400K, used 216071K [0x0000000080000000, 0x0000000100000000)
  region size 1024K, 8 young (8192K), 8 survivors (8192K)
 Metaspace       used 163553K, committed 166080K, reserved 1245184K
  class space    used 21639K, committed 22912K, reserved 1048576K
}
Event: 441.719 GC heap before
{Heap before GC invocations=64 (full 0):
 garbage-first heap   total 358400K, used 329735K [0x0000000080000000, 0x0000000100000000)
  region size 1024K, 120 young (122880K), 8 survivors (8192K)
 Metaspace       used 166426K, committed 169088K, reserved 1245184K
  class space    used 22055K, committed 23424K, reserved 1048576K
}
Event: 441.754 GC heap after
{Heap after GC invocations=65 (full 0):
 garbage-first heap   total 358400K, used 219830K [0x0000000080000000, 0x0000000100000000)
  region size 1024K, 15 young (15360K), 15 survivors (15360K)
 Metaspace       used 166426K, committed 169088K, reserved 1245184K
  class space    used 22055K, committed 23424K, reserved 1048576K
}
Event: 445.843 GC heap before
{Heap before GC invocations=65 (full 0):
 garbage-first heap   total 358400K, used 323254K [0x0000000080000000, 0x0000000100000000)
  region size 1024K, 117 young (119808K), 15 survivors (15360K)
 Metaspace       used 179278K, committed 181952K, reserved 1245184K
  class space    used 24034K, committed 25408K, reserved 1048576K
}
Event: 445.867 GC heap after
{Heap after GC invocations=66 (full 0):
 garbage-first heap   total 358400K, used 225234K [0x0000000080000000, 0x0000000100000000)
  region size 1024K, 5 young (5120K), 5 survivors (5120K)
 Metaspace       used 179278K, committed 181952K, reserved 1245184K
  class space    used 24034K, committed 25408K, reserved 1048576K
}

